2022-10-31 07:41:47 +0000  Initial pipeline context: <IDEDistributionProcessingPipelineContext: 0x2b76e0e70; archive(resolved)="<IDEArchive: 0x60000a9401e0>", distributionTask(resolved)="2", distributionDestination(resolved)="1", distributionMethod(resolved)="<IDEDistributionMethodiOSAdHoc: 0x600004e74610>", team(resolved)="<IDEProvisioningDisambiguatableBasicTeam: 0x60000127b1c0; teamID='BETFGY29Z7', teamName='Eunim Tahk', teamType='Individual', username='jinohjang@klnet.co.kr', isFreeProvisioningTeam='0'>">
	Chain (14, self inclusive):
	<IDEDistributionProcessingPipelineContext: 0x2b76e0e70; archive = "<IDEArchive: 0x60000a9401e0>", distributionMethod="<IDEDistributionMethodiOSAdHoc: 0x600004e74610>", team="<IDEProvisioningDisambiguatableBasicTeam: 0x60000127b1c0; teamID='BETFGY29Z7', teamName='Eunim Tahk', teamType='Individual', username='jinohjang@klnet.co.kr', isFreeProvisioningTeam='0'>">
	<IDEDistributionProcessingPipelineContext: 0x2b76e05a0; archive = "<IDEArchive: 0x60000a9401e0>", distributionMethod="<IDEDistributionMethodiOSAdHoc: 0x600004e74610>", team="<IDEProvisioningDisambiguatableBasicTeam: 0x60000127b1c0; teamID='BETFGY29Z7', teamName='Eunim Tahk', teamType='Individual', username='jinohjang@klnet.co.kr', isFreeProvisioningTeam='0'>">
	<IDEDistributionContext: 0x2c67b12a0; archive = "<IDEArchive: 0x60000a9401e0>", distributionMethod="<IDEDistributionMethodiOSAdHoc: 0x600004e74610>", team="<IDEProvisioningDisambiguatableBasicTeam: 0x60000127b1c0; teamID='BETFGY29Z7', teamName='Eunim Tahk', teamType='Individual', username='jinohjang@klnet.co.kr', isFreeProvisioningTeam='0'>">
	<IDEDistributionContext: 0x13d607610; archive = "<IDEArchive: 0x60000a9401e0>", distributionMethod="<IDEDistributionMethodiOSAdHoc: 0x600004e74610>", team="<IDEProvisioningDisambiguatableBasicTeam: 0x60000127b1c0; teamID='BETFGY29Z7', teamName='Eunim Tahk', teamType='Individual', username='jinohjang@klnet.co.kr', isFreeProvisioningTeam='0'>">
	<IDEDistributionContext: 0x2c80dd7f0; archive = "<IDEArchive: 0x60000a9401e0>", distributionMethod="<IDEDistributionMethodiOSAdHoc: 0x600004e74610>", team="<IDEProvisioningDisambiguatableBasicTeam: 0x60000127b1c0; teamID='BETFGY29Z7', teamName='Eunim Tahk', teamType='Individual', username='jinohjang@klnet.co.kr', isFreeProvisioningTeam='0'>">
	<IDEDistributionContext: 0x13d63fff0; archive = "<IDEArchive: 0x60000a9401e0>", distributionMethod="<IDEDistributionMethodiOSAdHoc: 0x600004e74610>", team="<IDEProvisioningDisambiguatableBasicTeam: 0x60000127b1c0; teamID='BETFGY29Z7', teamName='Eunim Tahk', teamType='Individual', username='jinohjang@klnet.co.kr', isFreeProvisioningTeam='0'>">
	<IDEDistributionContext: 0x2a0e5a0d0; archive = "<IDEArchive: 0x60000a9401e0>", distributionMethod="<IDEDistributionMethodiOSAdHoc: 0x600004e74610>", team="<IDEProvisioningDisambiguatableBasicTeam: 0x60000127b1c0; teamID='BETFGY29Z7', teamName='Eunim Tahk', teamType='Individual', username='jinohjang@klnet.co.kr', isFreeProvisioningTeam='0'>">
	<IDEDistributionContext: 0x2a0e6d800; archive = "<IDEArchive: 0x60000a9401e0>", distributionMethod="<IDEDistributionMethodiOSAdHoc: 0x600004e74610>", team="<IDEProvisioningDisambiguatableBasicTeam: 0x60000127b1c0; teamID='BETFGY29Z7', teamName='Eunim Tahk', teamType='Individual', username='jinohjang@klnet.co.kr', isFreeProvisioningTeam='0'>">
	<IDEDistributionContext: 0x2c73a9df0; archive = "<IDEArchive: 0x60000a9401e0>", distributionMethod="<IDEDistributionMethodiOSAdHoc: 0x600004e74610>", team="<IDEProvisioningDisambiguatableBasicTeam: 0x60000127b1c0; teamID='BETFGY29Z7', teamName='Eunim Tahk', teamType='Individual', username='jinohjang@klnet.co.kr', isFreeProvisioningTeam='0'>">
	<IDEDistributionContext: 0x2c731b360; archive = "<IDEArchive: 0x60000a9401e0>", distributionMethod="<IDEDistributionMethodiOSAdHoc: 0x600004e74610>", team="(null)">
	<IDEDistributionContext: 0x2c736d640; archive = "<IDEArchive: 0x60000a9401e0>", distributionMethod="<IDEDistributionMethodiOSAdHoc: 0x600004e74610>", team="(null)">
	<IDEDistributionContext: 0x2a3858b20; archive = "<IDEArchive: 0x60000a9401e0>", distributionMethod="<IDEDistributionMethodiOSAdHoc: 0x600004e74610>", team="(null)">
	<IDEDistributionContext: 0x2b7681920; archive = "<IDEArchive: 0x60000a9401e0>", distributionMethod="<IDEDistributionMethodiOSAdHoc: 0x600004e74610>", team="(null)">
	<IDEDistributionContext: 0x2c6789680; archive = "<IDEArchive: 0x60000a9401e0>", distributionMethod="(null)", team="(null)">
</IDEDistributionProcessingPipelineContext: 0x2b76e0e70>
2022-10-31 07:41:47 +0000  Processing step: IDEDistributionCreateDestRootStep
2022-10-31 07:41:47 +0000  Processing step: IDEDistributionCopyItemStep
2022-10-31 07:41:47 +0000  Running /usr/bin/ditto '-V' '/Users/ebiz/Library/Developer/Xcode/Archives/2022-10-31/Etrans 2022-10-31 4.41 PM.xcarchive/Products/Applications/Etrans.app' '/var/folders/9w/v89q2sd530748s7nrv4_r2fr0000gn/T/XcodeDistPipeline.~~~gMqZtC/Root/Payload/Etrans.app'
2022-10-31 07:41:47 +0000  >>> Copying /Users/ebiz/Library/Developer/Xcode/Archives/2022-10-31/Etrans 2022-10-31 4.41 PM.xcarchive/Products/Applications/Etrans.app 
2022-10-31 07:41:47 +0000  copying file ./_CodeSignature/CodeResources ... 
2022-10-31 07:41:47 +0000  17031 bytes for ./_CodeSignature/CodeResources
2022-10-31 07:41:47 +0000  copying file ./podcode.plist ... 
2022-10-31 07:41:47 +0000  55 bytes for ./podcode.plist
2022-10-31 07:41:47 +0000  copying file ./jpp.plist ... 
2022-10-31 07:41:47 +0000  53 bytes for ./jpp.plist
2022-10-31 07:41:47 +0000  copying file ./AppIcon20x20@2x.png ... 
2022-10-31 07:41:47 +0000  4404 bytes for ./AppIcon20x20@2x.png
2022-10-31 07:41:47 +0000  copying file ./MainViewController.nib/objects-11.0+.nib ... 
2022-10-31 07:41:47 +0000  3120 bytes for ./MainViewController.nib/objects-11.0+.nib
2022-10-31 07:41:47 +0000  copying file ./MainViewController.nib/runtime.nib ... 
2022-10-31 07:41:47 +0000  2455 bytes for ./MainViewController.nib/runtime.nib
2022-10-31 07:41:47 +0000  copying file ./AppIcon20x20@3x.png ... 
2022-10-31 07:41:47 +0000  9110 bytes for ./AppIcon20x20@3x.png
2022-10-31 07:41:47 +0000  copying file ./AppIcon60x60@2x.png ... 
2022-10-31 07:41:47 +0000  30486 bytes for ./AppIcon60x60@2x.png
2022-10-31 07:41:47 +0000  copying file ./AppIcon29x29@2x.png ... 
2022-10-31 07:41:47 +0000  8578 bytes for ./AppIcon29x29@2x.png
2022-10-31 07:41:47 +0000  copying file ./carriercode.plist ... 
2022-10-31 07:41:47 +0000  59 bytes for ./carriercode.plist
2022-10-31 07:41:47 +0000  copying file ./AppIcon40x40@3x.png ... 
2022-10-31 07:41:47 +0000  30486 bytes for ./AppIcon40x40@3x.png
2022-10-31 07:41:47 +0000  copying file ./intro.png ... 
2022-10-31 07:41:47 +0000  202626 bytes for ./intro.png
2022-10-31 07:41:47 +0000  copying file ./AppIcon40x40@2x.png ... 
2022-10-31 07:41:47 +0000  15119 bytes for ./AppIcon40x40@2x.png
2022-10-31 07:41:47 +0000  copying file ./AppIcon29x29@3x.png ... 
2022-10-31 07:41:47 +0000  17359 bytes for ./AppIcon29x29@3x.png
2022-10-31 07:41:47 +0000  copying file ./GoogleService-Info.plist ... 
2022-10-31 07:41:47 +0000  875 bytes for ./GoogleService-Info.plist
copying file ./AppIcon60x60@3x.png ... 
2022-10-31 07:41:47 +0000  59660 bytes for ./AppIcon60x60@3x.png
2022-10-31 07:41:47 +0000  copying file ./Base.lproj/Main.storyboardc/UIViewController-BYZ-38-t0r.nib ... 
2022-10-31 07:41:47 +0000  916 bytes for ./Base.lproj/Main.storyboardc/UIViewController-BYZ-38-t0r.nib
2022-10-31 07:41:47 +0000  copying file ./Base.lproj/Main.storyboardc/BYZ-38-t0r-view-8bC-Xf-vdC.nib ... 
2022-10-31 07:41:47 +0000  1835 bytes for ./Base.lproj/Main.storyboardc/BYZ-38-t0r-view-8bC-Xf-vdC.nib
2022-10-31 07:41:47 +0000  copying file ./Base.lproj/Main.storyboardc/Info.plist ... 
2022-10-31 07:41:47 +0000  258 bytes for ./Base.lproj/Main.storyboardc/Info.plist
2022-10-31 07:41:47 +0000  copying file ./Base.lproj/LaunchScreen.storyboardc/01J-lp-oVM-view-Ze5-6b-2t3.nib ... 
2022-10-31 07:41:47 +0000  2401 bytes for ./Base.lproj/LaunchScreen.storyboardc/01J-lp-oVM-view-Ze5-6b-2t3.nib
2022-10-31 07:41:47 +0000  copying file ./Base.lproj/LaunchScreen.storyboardc/UIViewController-01J-lp-oVM.nib ... 
2022-10-31 07:41:47 +0000  896 bytes for ./Base.lproj/LaunchScreen.storyboardc/UIViewController-01J-lp-oVM.nib
2022-10-31 07:41:47 +0000  copying file ./Base.lproj/LaunchScreen.storyboardc/Info.plist ... 
2022-10-31 07:41:47 +0000  258 bytes for ./Base.lproj/LaunchScreen.storyboardc/Info.plist
2022-10-31 07:41:47 +0000  copying file ./Assets.car ... 
2022-10-31 07:41:47 +0000  1255080 bytes for ./Assets.car
2022-10-31 07:41:47 +0000  copying file ./AppIcon40x40@2x~ipad.png ... 
2022-10-31 07:41:47 +0000  15119 bytes for ./AppIcon40x40@2x~ipad.png
2022-10-31 07:41:47 +0000  copying file ./AppIcon76x76@2x~ipad.png ... 
2022-10-31 07:41:47 +0000  45697 bytes for ./AppIcon76x76@2x~ipad.png
2022-10-31 07:41:47 +0000  copying file ./Etrans ... 
2022-10-31 07:41:47 +0000  1761216 bytes for ./Etrans
2022-10-31 07:41:47 +0000  copying file ./AppIcon83.5x83.5@2x~ipad.png ... 
2022-10-31 07:41:47 +0000  52895 bytes for ./AppIcon83.5x83.5@2x~ipad.png
2022-10-31 07:41:47 +0000  copying file ./Etrans.momd/VersionInfo.plist ... 
2022-10-31 07:41:47 +0000  149 bytes for ./Etrans.momd/VersionInfo.plist
2022-10-31 07:41:47 +0000  copying file ./Etrans.momd/Etrans.mom ... 
2022-10-31 07:41:47 +0000  566 bytes for ./Etrans.momd/Etrans.mom
2022-10-31 07:41:47 +0000  copying file ./Etrans.momd/Etrans.omo ... 
2022-10-31 07:41:47 +0000  704 bytes for ./Etrans.momd/Etrans.omo
2022-10-31 07:41:47 +0000  copying file ./AppIcon29x29@2x~ipad.png ... 
2022-10-31 07:41:47 +0000  8578 bytes for ./AppIcon29x29@2x~ipad.png
2022-10-31 07:41:47 +0000  copying file ./AppIcon40x40~ipad.png ... 
2022-10-31 07:41:47 +0000  4404 bytes for ./AppIcon40x40~ipad.png
2022-10-31 07:41:47 +0000  copying file ./Frameworks/Protobuf.framework/_CodeSignature/CodeResources ... 
2022-10-31 07:41:47 +0000  1798 bytes for ./Frameworks/Protobuf.framework/_CodeSignature/CodeResources
2022-10-31 07:41:47 +0000  copying file ./Frameworks/Protobuf.framework/Protobuf ... 
2022-10-31 07:41:47 +0000  981904 bytes for ./Frameworks/Protobuf.framework/Protobuf
2022-10-31 07:41:47 +0000  copying file ./Frameworks/Protobuf.framework/Info.plist ... 
2022-10-31 07:41:47 +0000  787 bytes for ./Frameworks/Protobuf.framework/Info.plist
2022-10-31 07:41:47 +0000  copying file ./Frameworks/FBLPromises.framework/_CodeSignature/CodeResources ... 
2022-10-31 07:41:47 +0000  1798 bytes for ./Frameworks/FBLPromises.framework/_CodeSignature/CodeResources
2022-10-31 07:41:47 +0000  copying file ./Frameworks/FBLPromises.framework/FBLPromises ... 
2022-10-31 07:41:47 +0000  191936 bytes for ./Frameworks/FBLPromises.framework/FBLPromises
2022-10-31 07:41:47 +0000  copying file ./Frameworks/FBLPromises.framework/Info.plist ... 
2022-10-31 07:41:47 +0000  793 bytes for ./Frameworks/FBLPromises.framework/Info.plist
2022-10-31 07:41:47 +0000  copying file ./Frameworks/GoogleUtilities.framework/_CodeSignature/CodeResources ... 
2022-10-31 07:41:47 +0000  1798 bytes for ./Frameworks/GoogleUtilities.framework/_CodeSignature/CodeResources
2022-10-31 07:41:47 +0000  copying file ./Frameworks/GoogleUtilities.framework/GoogleUtilities ... 
2022-10-31 07:41:47 +0000  336176 bytes for ./Frameworks/GoogleUtilities.framework/GoogleUtilities
2022-10-31 07:41:47 +0000  copying file ./Frameworks/GoogleUtilities.framework/Info.plist ... 
2022-10-31 07:41:47 +0000  802 bytes for ./Frameworks/GoogleUtilities.framework/Info.plist
2022-10-31 07:41:47 +0000  copying file ./Frameworks/nanopb.framework/_CodeSignature/CodeResources ... 
2022-10-31 07:41:47 +0000  1798 bytes for ./Frameworks/nanopb.framework/_CodeSignature/CodeResources
2022-10-31 07:41:47 +0000  copying file ./Frameworks/nanopb.framework/nanopb ... 
2022-10-31 07:41:47 +0000  112896 bytes for ./Frameworks/nanopb.framework/nanopb
2022-10-31 07:41:47 +0000  copying file ./Frameworks/nanopb.framework/Info.plist ... 
2022-10-31 07:41:47 +0000  786 bytes for ./Frameworks/nanopb.framework/Info.plist
2022-10-31 07:41:47 +0000  copying file ./embedded.mobileprovision ... 
2022-10-31 07:41:47 +0000  20019 bytes for ./embedded.mobileprovision
2022-10-31 07:41:47 +0000  copying file ./autologin.plist ... 
2022-10-31 07:41:47 +0000  81 bytes for ./autologin.plist
2022-10-31 07:41:47 +0000  copying file ./terminalcode.plist ... 
2022-10-31 07:41:47 +0000  60 bytes for ./terminalcode.plist
2022-10-31 07:41:47 +0000  copying file ./AppIcon20x20@2x~ipad.png ... 
2022-10-31 07:41:47 +0000  4404 bytes for ./AppIcon20x20@2x~ipad.png
2022-10-31 07:41:47 +0000  copying file ./Info.plist ... 
2022-10-31 07:41:47 +0000  1581 bytes for ./Info.plist
2022-10-31 07:41:47 +0000  copying file ./PkgInfo ... 
2022-10-31 07:41:47 +0000  8 bytes for ./PkgInfo
2022-10-31 07:41:47 +0000  copying file ./AppIcon76x76~ipad.png ... 
2022-10-31 07:41:47 +0000  13078 bytes for ./AppIcon76x76~ipad.png
2022-10-31 07:41:47 +0000  /usr/bin/ditto exited with 0
2022-10-31 07:41:47 +0000  Processing step: IDEDistributionEmbedProfileStep
2022-10-31 07:41:47 +0000  Skipping profile for item: <IDEDistributionItem: 0x60000a961d40; bundleID='org.cocoapods.FBLPromises', path='<DVTFilePath:0x60000a60d960:'/Users/ebiz/Library/Developer/Xcode/Archives/2022-10-31/Etrans 2022-10-31 4.41 PM.xcarchive/Products/Applications/Etrans.app/Frameworks/FBLPromises.framework'>', codeSigningInfo='<_DVTCodeSigningInformation_Path: 0x60000ed71fe0; isSigned='1', isAdHocSigned='0', signingCertificate='<DVTSigningCertificate: 0x600003aeb860; name='Apple Development: Eunim Tahk (MU7H5L428A)', hash='7A0E5149A4E644B92BD4E6C21C69367B4F8DF2E9', serialNumber='58BE33D2CC1F77240584FC4317F2BDA2', certificateKinds='(
    "1.2.840.113635.100.6.1.12",
    "1.2.840.113635.100.6.1.2"
), issueDate='2022-10-28 08:23:51 +0000''>', entitlements='(null)', teamID='BETFGY29Z7', identifier='org.cocoapods.FBLPromises', executablePath='<DVTFilePath:0x6000065d5dc0:'/Users/ebiz/Library/Developer/Xcode/Archives/2022-10-31/Etrans 2022-10-31 4.41 PM.xcarchive/Products/Applications/Etrans.app/Frameworks/FBLPromises.framework/FBLPromises'>', hardenedRuntime='0'>'>
2022-10-31 07:41:47 +0000  Skipping profile for item: <IDEDistributionItem: 0x60000a96f000; bundleID='org.cocoapods.GoogleUtilities', path='<DVTFilePath:0x60000620e280:'/Users/ebiz/Library/Developer/Xcode/Archives/2022-10-31/Etrans 2022-10-31 4.41 PM.xcarchive/Products/Applications/Etrans.app/Frameworks/GoogleUtilities.framework'>', codeSigningInfo='<_DVTCodeSigningInformation_Path: 0x60000ed41310; isSigned='1', isAdHocSigned='0', signingCertificate='<DVTSigningCertificate: 0x600003aeb860; name='Apple Development: Eunim Tahk (MU7H5L428A)', hash='7A0E5149A4E644B92BD4E6C21C69367B4F8DF2E9', serialNumber='58BE33D2CC1F77240584FC4317F2BDA2', certificateKinds='(
    "1.2.840.113635.100.6.1.12",
    "1.2.840.113635.100.6.1.2"
), issueDate='2022-10-28 08:23:51 +0000''>', entitlements='(null)', teamID='BETFGY29Z7', identifier='org.cocoapods.GoogleUtilities', executablePath='<DVTFilePath:0x6000065d6a70:'/Users/ebiz/Library/Developer/Xcode/Archives/2022-10-31/Etrans 2022-10-31 4.41 PM.xcarchive/Products/Applications/Etrans.app/Frameworks/GoogleUtilities.framework/GoogleUtilities'>', hardenedRuntime='0'>'>
2022-10-31 07:41:47 +0000  Skipping profile for item: <IDEDistributionItem: 0x60000a962be0; bundleID='org.cocoapods.Protobuf', path='<DVTFilePath:0x60000a6204d0:'/Users/ebiz/Library/Developer/Xcode/Archives/2022-10-31/Etrans 2022-10-31 4.41 PM.xcarchive/Products/Applications/Etrans.app/Frameworks/Protobuf.framework'>', codeSigningInfo='<_DVTCodeSigningInformation_Path: 0x60000ee75f90; isSigned='1', isAdHocSigned='0', signingCertificate='<DVTSigningCertificate: 0x600003aeb860; name='Apple Development: Eunim Tahk (MU7H5L428A)', hash='7A0E5149A4E644B92BD4E6C21C69367B4F8DF2E9', serialNumber='58BE33D2CC1F77240584FC4317F2BDA2', certificateKinds='(
    "1.2.840.113635.100.6.1.12",
    "1.2.840.113635.100.6.1.2"
), issueDate='2022-10-28 08:23:51 +0000''>', entitlements='(null)', teamID='BETFGY29Z7', identifier='org.cocoapods.Protobuf', executablePath='<DVTFilePath:0x6000065cabc0:'/Users/ebiz/Library/Developer/Xcode/Archives/2022-10-31/Etrans 2022-10-31 4.41 PM.xcarchive/Products/Applications/Etrans.app/Frameworks/Protobuf.framework/Protobuf'>', hardenedRuntime='0'>'>
2022-10-31 07:41:47 +0000  Skipping profile for item: <IDEDistributionItem: 0x60000a9474e0; bundleID='org.cocoapods.nanopb', path='<DVTFilePath:0x60000a620230:'/Users/ebiz/Library/Developer/Xcode/Archives/2022-10-31/Etrans 2022-10-31 4.41 PM.xcarchive/Products/Applications/Etrans.app/Frameworks/nanopb.framework'>', codeSigningInfo='<_DVTCodeSigningInformation_Path: 0x60000ed43930; isSigned='1', isAdHocSigned='0', signingCertificate='<DVTSigningCertificate: 0x600003aeb860; name='Apple Development: Eunim Tahk (MU7H5L428A)', hash='7A0E5149A4E644B92BD4E6C21C69367B4F8DF2E9', serialNumber='58BE33D2CC1F77240584FC4317F2BDA2', certificateKinds='(
    "1.2.840.113635.100.6.1.12",
    "1.2.840.113635.100.6.1.2"
), issueDate='2022-10-28 08:23:51 +0000''>', entitlements='(null)', teamID='BETFGY29Z7', identifier='org.cocoapods.nanopb', executablePath='<DVTFilePath:0x60000a941aa0:'/Users/ebiz/Library/Developer/Xcode/Archives/2022-10-31/Etrans 2022-10-31 4.41 PM.xcarchive/Products/Applications/Etrans.app/Frameworks/nanopb.framework/nanopb'>', hardenedRuntime='0'>'>
2022-10-31 07:41:47 +0000  Processing step: IDEDistributionInfoPlistStep
2022-10-31 07:41:47 +0000  Skipping step: IDEDistributionInfoPlistStep because it said so
2022-10-31 07:41:47 +0000  Skipping step: IDEDistributionInfoPlistStep because it said so
2022-10-31 07:41:47 +0000  Skipping step: IDEDistributionInfoPlistStep because it said so
2022-10-31 07:41:47 +0000  Skipping step: IDEDistributionInfoPlistStep because it said so
2022-10-31 07:41:47 +0000  Skipping step: IDEDistributionInfoPlistStep because it said so
2022-10-31 07:41:47 +0000  Processing step: IDEDistributionAppThinningPlistStep
2022-10-31 07:41:47 +0000  Skipping step: IDEDistributionAppThinningPlistStep because it said so
2022-10-31 07:41:47 +0000  Processing step: IDEDistributionCompileBitcodeStep
2022-10-31 07:41:47 +0000  Skipping step: IDEDistributionCompileBitcodeStep because it said so
2022-10-31 07:41:47 +0000  Processing step: IDEDistributionCodeSlimmingStep
2022-10-31 07:41:47 +0000  Processing step: IDEDistributionCopyBCSymbolMapsStep
2022-10-31 07:41:47 +0000  Skipping step: IDEDistributionCopyBCSymbolMapsStep because it said so
2022-10-31 07:41:47 +0000  Skipping step: IDEDistributionCopyBCSymbolMapsStep because it said so
2022-10-31 07:41:47 +0000  Skipping step: IDEDistributionCopyBCSymbolMapsStep because it said so
2022-10-31 07:41:47 +0000  Skipping step: IDEDistributionCopyBCSymbolMapsStep because it said so
2022-10-31 07:41:47 +0000  Skipping step: IDEDistributionCopyBCSymbolMapsStep because it said so
2022-10-31 07:41:47 +0000  Processing step: IDEDistributionSymbolsStep
2022-10-31 07:41:47 +0000  Skipping step: IDEDistributionSymbolsStep because it said so
2022-10-31 07:41:47 +0000  Skipping step: IDEDistributionSymbolsStep because it said so
2022-10-31 07:41:47 +0000  Skipping step: IDEDistributionSymbolsStep because it said so
2022-10-31 07:41:47 +0000  Skipping step: IDEDistributionSymbolsStep because it said so
2022-10-31 07:41:47 +0000  Skipping step: IDEDistributionSymbolsStep because it said so
2022-10-31 07:41:47 +0000  Processing step: IDEDistributionAppThinningStep
2022-10-31 07:41:47 +0000  Skipping step: IDEDistributionAppThinningStep because it said so
2022-10-31 07:41:47 +0000  Processing step: IDEDistributionArchThinningStep
2022-10-31 07:41:47 +0000  Running /Applications/Xcode.app/Contents/Developer/Toolchains/XcodeDefault.xctoolchain/usr/bin/lipo '/var/folders/9w/v89q2sd530748s7nrv4_r2fr0000gn/T/XcodeDistPipeline.~~~gMqZtC/Root/Payload/Etrans.app/Frameworks/FBLPromises.framework/FBLPromises' '-verify_arch' 'arm64e'
2022-10-31 07:41:47 +0000  /Applications/Xcode.app/Contents/Developer/Toolchains/XcodeDefault.xctoolchain/usr/bin/lipo exited with 1
2022-10-31 07:41:47 +0000  Skipping architecture thinning for item "FBLPromises" because arch "arm64e" wasn't found
2022-10-31 07:41:47 +0000  Running /Applications/Xcode.app/Contents/Developer/Toolchains/XcodeDefault.xctoolchain/usr/bin/lipo '/var/folders/9w/v89q2sd530748s7nrv4_r2fr0000gn/T/XcodeDistPipeline.~~~gMqZtC/Root/Payload/Etrans.app/Frameworks/GoogleUtilities.framework/GoogleUtilities' '-verify_arch' 'arm64e'
2022-10-31 07:41:47 +0000  /Applications/Xcode.app/Contents/Developer/Toolchains/XcodeDefault.xctoolchain/usr/bin/lipo exited with 1
2022-10-31 07:41:47 +0000  Skipping architecture thinning for item "GoogleUtilities" because arch "arm64e" wasn't found
2022-10-31 07:41:47 +0000  Running /Applications/Xcode.app/Contents/Developer/Toolchains/XcodeDefault.xctoolchain/usr/bin/lipo '/var/folders/9w/v89q2sd530748s7nrv4_r2fr0000gn/T/XcodeDistPipeline.~~~gMqZtC/Root/Payload/Etrans.app/Frameworks/Protobuf.framework/Protobuf' '-verify_arch' 'arm64e'
2022-10-31 07:41:47 +0000  /Applications/Xcode.app/Contents/Developer/Toolchains/XcodeDefault.xctoolchain/usr/bin/lipo exited with 1
2022-10-31 07:41:47 +0000  Skipping architecture thinning for item "Protobuf" because arch "arm64e" wasn't found
2022-10-31 07:41:47 +0000  Running /Applications/Xcode.app/Contents/Developer/Toolchains/XcodeDefault.xctoolchain/usr/bin/lipo '/var/folders/9w/v89q2sd530748s7nrv4_r2fr0000gn/T/XcodeDistPipeline.~~~gMqZtC/Root/Payload/Etrans.app/Frameworks/nanopb.framework/nanopb' '-verify_arch' 'arm64e'
2022-10-31 07:41:47 +0000  /Applications/Xcode.app/Contents/Developer/Toolchains/XcodeDefault.xctoolchain/usr/bin/lipo exited with 1
2022-10-31 07:41:47 +0000  Skipping architecture thinning for item "nanopb" because arch "arm64e" wasn't found
2022-10-31 07:41:47 +0000  Running /Applications/Xcode.app/Contents/Developer/Toolchains/XcodeDefault.xctoolchain/usr/bin/lipo '/var/folders/9w/v89q2sd530748s7nrv4_r2fr0000gn/T/XcodeDistPipeline.~~~gMqZtC/Root/Payload/Etrans.app/Etrans' '-verify_arch' 'arm64e'
2022-10-31 07:41:47 +0000  /Applications/Xcode.app/Contents/Developer/Toolchains/XcodeDefault.xctoolchain/usr/bin/lipo exited with 1
2022-10-31 07:41:47 +0000  Skipping architecture thinning for item "Etrans" because arch "arm64e" wasn't found
2022-10-31 07:41:47 +0000  Processing step: IDEDistributionODRStep
2022-10-31 07:41:47 +0000  Processing step: IDEDistributionStripXattrsStep
2022-10-31 07:41:47 +0000  Skipping stripping extended attributes of item: <IDEDistributionItem: 0x60000a961d40; bundleID='org.cocoapods.FBLPromises', path='<DVTFilePath:0x60000a60d960:'/Users/ebiz/Library/Developer/Xcode/Archives/2022-10-31/Etrans 2022-10-31 4.41 PM.xcarchive/Products/Applications/Etrans.app/Frameworks/FBLPromises.framework'>', codeSigningInfo='<_DVTCodeSigningInformation_Path: 0x60000ed71fe0; isSigned='1', isAdHocSigned='0', signingCertificate='<DVTSigningCertificate: 0x6000039cf4f0; name='Apple Development: Eunim Tahk (MU7H5L428A)', hash='7A0E5149A4E644B92BD4E6C21C69367B4F8DF2E9', serialNumber='58BE33D2CC1F77240584FC4317F2BDA2', certificateKinds='(
    "1.2.840.113635.100.6.1.12",
    "1.2.840.113635.100.6.1.2"
), issueDate='2022-10-28 08:23:51 +0000''>', entitlements='(null)', teamID='BETFGY29Z7', identifier='org.cocoapods.FBLPromises', executablePath='<DVTFilePath:0x6000065d5dc0:'/Users/ebiz/Library/Developer/Xcode/Archives/2022-10-31/Etrans 2022-10-31 4.41 PM.xcarchive/Products/Applications/Etrans.app/Frameworks/FBLPromises.framework/FBLPromises'>', hardenedRuntime='0'>'>
2022-10-31 07:41:47 +0000  Skipping stripping extended attributes of item: <IDEDistributionItem: 0x60000a96f000; bundleID='org.cocoapods.GoogleUtilities', path='<DVTFilePath:0x60000620e280:'/Users/ebiz/Library/Developer/Xcode/Archives/2022-10-31/Etrans 2022-10-31 4.41 PM.xcarchive/Products/Applications/Etrans.app/Frameworks/GoogleUtilities.framework'>', codeSigningInfo='<_DVTCodeSigningInformation_Path: 0x60000ed41310; isSigned='1', isAdHocSigned='0', signingCertificate='<DVTSigningCertificate: 0x6000039cf4f0; name='Apple Development: Eunim Tahk (MU7H5L428A)', hash='7A0E5149A4E644B92BD4E6C21C69367B4F8DF2E9', serialNumber='58BE33D2CC1F77240584FC4317F2BDA2', certificateKinds='(
    "1.2.840.113635.100.6.1.12",
    "1.2.840.113635.100.6.1.2"
), issueDate='2022-10-28 08:23:51 +0000''>', entitlements='(null)', teamID='BETFGY29Z7', identifier='org.cocoapods.GoogleUtilities', executablePath='<DVTFilePath:0x6000065d6a70:'/Users/ebiz/Library/Developer/Xcode/Archives/2022-10-31/Etrans 2022-10-31 4.41 PM.xcarchive/Products/Applications/Etrans.app/Frameworks/GoogleUtilities.framework/GoogleUtilities'>', hardenedRuntime='0'>'>
2022-10-31 07:41:47 +0000  Skipping stripping extended attributes of item: <IDEDistributionItem: 0x60000a962be0; bundleID='org.cocoapods.Protobuf', path='<DVTFilePath:0x60000a6204d0:'/Users/ebiz/Library/Developer/Xcode/Archives/2022-10-31/Etrans 2022-10-31 4.41 PM.xcarchive/Products/Applications/Etrans.app/Frameworks/Protobuf.framework'>', codeSigningInfo='<_DVTCodeSigningInformation_Path: 0x60000ee75f90; isSigned='1', isAdHocSigned='0', signingCertificate='<DVTSigningCertificate: 0x600003aeac00; name='Apple Development: Eunim Tahk (MU7H5L428A)', hash='7A0E5149A4E644B92BD4E6C21C69367B4F8DF2E9', serialNumber='58BE33D2CC1F77240584FC4317F2BDA2', certificateKinds='(
    "1.2.840.113635.100.6.1.12",
    "1.2.840.113635.100.6.1.2"
), issueDate='2022-10-28 08:23:51 +0000''>', entitlements='(null)', teamID='BETFGY29Z7', identifier='org.cocoapods.Protobuf', executablePath='<DVTFilePath:0x6000065cabc0:'/Users/ebiz/Library/Developer/Xcode/Archives/2022-10-31/Etrans 2022-10-31 4.41 PM.xcarchive/Products/Applications/Etrans.app/Frameworks/Protobuf.framework/Protobuf'>', hardenedRuntime='0'>'>
2022-10-31 07:41:47 +0000  Skipping stripping extended attributes of item: <IDEDistributionItem: 0x60000a9474e0; bundleID='org.cocoapods.nanopb', path='<DVTFilePath:0x60000a620230:'/Users/ebiz/Library/Developer/Xcode/Archives/2022-10-31/Etrans 2022-10-31 4.41 PM.xcarchive/Products/Applications/Etrans.app/Frameworks/nanopb.framework'>', codeSigningInfo='<_DVTCodeSigningInformation_Path: 0x60000ed43930; isSigned='1', isAdHocSigned='0', signingCertificate='<DVTSigningCertificate: 0x600003aeac00; name='Apple Development: Eunim Tahk (MU7H5L428A)', hash='7A0E5149A4E644B92BD4E6C21C69367B4F8DF2E9', serialNumber='58BE33D2CC1F77240584FC4317F2BDA2', certificateKinds='(
    "1.2.840.113635.100.6.1.12",
    "1.2.840.113635.100.6.1.2"
), issueDate='2022-10-28 08:23:51 +0000''>', entitlements='(null)', teamID='BETFGY29Z7', identifier='org.cocoapods.nanopb', executablePath='<DVTFilePath:0x60000a941aa0:'/Users/ebiz/Library/Developer/Xcode/Archives/2022-10-31/Etrans 2022-10-31 4.41 PM.xcarchive/Products/Applications/Etrans.app/Frameworks/nanopb.framework/nanopb'>', hardenedRuntime='0'>'>
2022-10-31 07:41:47 +0000  Running /usr/bin/xattr '-crs' '/var/folders/9w/v89q2sd530748s7nrv4_r2fr0000gn/T/XcodeDistPipeline.~~~gMqZtC/Root/Payload/Etrans.app'
2022-10-31 07:41:47 +0000  /usr/bin/xattr exited with 0
2022-10-31 07:41:47 +0000  Processing step: IDEDistributionCodesignStep
2022-10-31 07:41:47 +0000  Entitlements for <IDEDistributionItem: 0x60000a961d40; bundleID='org.cocoapods.FBLPromises', path='<DVTFilePath:0x60000a60d960:'/Users/ebiz/Library/Developer/Xcode/Archives/2022-10-31/Etrans 2022-10-31 4.41 PM.xcarchive/Products/Applications/Etrans.app/Frameworks/FBLPromises.framework'>', codeSigningInfo='<_DVTCodeSigningInformation_Path: 0x60000ed71fe0; isSigned='1', isAdHocSigned='0', signingCertificate='<DVTSigningCertificate: 0x600003aebc80; name='Apple Development: Eunim Tahk (MU7H5L428A)', hash='7A0E5149A4E644B92BD4E6C21C69367B4F8DF2E9', serialNumber='58BE33D2CC1F77240584FC4317F2BDA2', certificateKinds='(
    "1.2.840.113635.100.6.1.12",
    "1.2.840.113635.100.6.1.2"
), issueDate='2022-10-28 08:23:51 +0000''>', entitlements='(null)', teamID='BETFGY29Z7', identifier='org.cocoapods.FBLPromises', executablePath='<DVTFilePath:0x6000065d5dc0:'/Users/ebiz/Library/Developer/Xcode/Archives/2022-10-31/Etrans 2022-10-31 4.41 PM.xcarchive/Products/Applications/Etrans.app/Frameworks/FBLPromises.framework/FBLPromises'>', hardenedRuntime='0'>'>: {
}
2022-10-31 07:41:47 +0000  Entitlements for <IDEDistributionItem: 0x60000a961d40; bundleID='org.cocoapods.FBLPromises', path='<DVTFilePath:0x60000a60d960:'/Users/ebiz/Library/Developer/Xcode/Archives/2022-10-31/Etrans 2022-10-31 4.41 PM.xcarchive/Products/Applications/Etrans.app/Frameworks/FBLPromises.framework'>', codeSigningInfo='<_DVTCodeSigningInformation_Path: 0x60000ed71fe0; isSigned='1', isAdHocSigned='0', signingCertificate='<DVTSigningCertificate: 0x600003aeb4f0; name='Apple Development: Eunim Tahk (MU7H5L428A)', hash='7A0E5149A4E644B92BD4E6C21C69367B4F8DF2E9', serialNumber='58BE33D2CC1F77240584FC4317F2BDA2', certificateKinds='(
    "1.2.840.113635.100.6.1.12",
    "1.2.840.113635.100.6.1.2"
), issueDate='2022-10-28 08:23:51 +0000''>', entitlements='(null)', teamID='BETFGY29Z7', identifier='org.cocoapods.FBLPromises', executablePath='<DVTFilePath:0x6000065d5dc0:'/Users/ebiz/Library/Developer/Xcode/Archives/2022-10-31/Etrans 2022-10-31 4.41 PM.xcarchive/Products/Applications/Etrans.app/Frameworks/FBLPromises.framework/FBLPromises'>', hardenedRuntime='0'>'> are: {
}
2022-10-31 07:41:47 +0000  Writing entitlements for <IDEDistributionItem: 0x60000a961d40; bundleID='org.cocoapods.FBLPromises', path='<DVTFilePath:0x60000a60d960:'/Users/ebiz/Library/Developer/Xcode/Archives/2022-10-31/Etrans 2022-10-31 4.41 PM.xcarchive/Products/Applications/Etrans.app/Frameworks/FBLPromises.framework'>', codeSigningInfo='<_DVTCodeSigningInformation_Path: 0x60000ed71fe0; isSigned='1', isAdHocSigned='0', signingCertificate='<DVTSigningCertificate: 0x600003aebd30; name='Apple Development: Eunim Tahk (MU7H5L428A)', hash='7A0E5149A4E644B92BD4E6C21C69367B4F8DF2E9', serialNumber='58BE33D2CC1F77240584FC4317F2BDA2', certificateKinds='(
    "1.2.840.113635.100.6.1.12",
    "1.2.840.113635.100.6.1.2"
), issueDate='2022-10-28 08:23:51 +0000''>', entitlements='(null)', teamID='BETFGY29Z7', identifier='org.cocoapods.FBLPromises', executablePath='<DVTFilePath:0x6000065d5dc0:'/Users/ebiz/Library/Developer/Xcode/Archives/2022-10-31/Etrans 2022-10-31 4.41 PM.xcarchive/Products/Applications/Etrans.app/Frameworks/FBLPromises.framework/FBLPromises'>', hardenedRuntime='0'>'> to: /var/folders/9w/v89q2sd530748s7nrv4_r2fr0000gn/T/XcodeDistPipeline.~~~gMqZtC/entitlements~~~qexVmJ
2022-10-31 07:41:47 +0000  Running /usr/bin/codesign '-vvv' '--force' '--sign' '5058BEE2F68C01EC545AABA48C156EE35E5A8EF1' '--entitlements' '/var/folders/9w/v89q2sd530748s7nrv4_r2fr0000gn/T/XcodeDistPipeline.~~~gMqZtC/entitlements~~~qexVmJ' '--generate-entitlement-der' '--preserve-metadata=identifier,flags,runtime' '/var/folders/9w/v89q2sd530748s7nrv4_r2fr0000gn/T/XcodeDistPipeline.~~~gMqZtC/Root/Payload/Etrans.app/Frameworks/FBLPromises.framework'
2022-10-31 07:41:47 +0000  /var/folders/9w/v89q2sd530748s7nrv4_r2fr0000gn/T/XcodeDistPipeline.~~~gMqZtC/Root/Payload/Etrans.app/Frameworks/FBLPromises.framework: replacing existing signature
2022-10-31 07:41:47 +0000  /var/folders/9w/v89q2sd530748s7nrv4_r2fr0000gn/T/XcodeDistPipeline.~~~gMqZtC/Root/Payload/Etrans.app/Frameworks/FBLPromises.framework: signed bundle with Mach-O thin (arm64) [org.cocoapods.FBLPromises]
2022-10-31 07:41:47 +0000  /usr/bin/codesign exited with 0
2022-10-31 07:41:47 +0000  Entitlements for <IDEDistributionItem: 0x60000a96f000; bundleID='org.cocoapods.GoogleUtilities', path='<DVTFilePath:0x60000620e280:'/Users/ebiz/Library/Developer/Xcode/Archives/2022-10-31/Etrans 2022-10-31 4.41 PM.xcarchive/Products/Applications/Etrans.app/Frameworks/GoogleUtilities.framework'>', codeSigningInfo='<_DVTCodeSigningInformation_Path: 0x60000ed41310; isSigned='1', isAdHocSigned='0', signingCertificate='<DVTSigningCertificate: 0x600003aebc80; name='Apple Development: Eunim Tahk (MU7H5L428A)', hash='7A0E5149A4E644B92BD4E6C21C69367B4F8DF2E9', serialNumber='58BE33D2CC1F77240584FC4317F2BDA2', certificateKinds='(
    "1.2.840.113635.100.6.1.12",
    "1.2.840.113635.100.6.1.2"
), issueDate='2022-10-28 08:23:51 +0000''>', entitlements='(null)', teamID='BETFGY29Z7', identifier='org.cocoapods.GoogleUtilities', executablePath='<DVTFilePath:0x6000065d6a70:'/Users/ebiz/Library/Developer/Xcode/Archives/2022-10-31/Etrans 2022-10-31 4.41 PM.xcarchive/Products/Applications/Etrans.app/Frameworks/GoogleUtilities.framework/GoogleUtilities'>', hardenedRuntime='0'>'>: {
}
2022-10-31 07:41:47 +0000  Entitlements for <IDEDistributionItem: 0x60000a96f000; bundleID='org.cocoapods.GoogleUtilities', path='<DVTFilePath:0x60000620e280:'/Users/ebiz/Library/Developer/Xcode/Archives/2022-10-31/Etrans 2022-10-31 4.41 PM.xcarchive/Products/Applications/Etrans.app/Frameworks/GoogleUtilities.framework'>', codeSigningInfo='<_DVTCodeSigningInformation_Path: 0x60000ed41310; isSigned='1', isAdHocSigned='0', signingCertificate='<DVTSigningCertificate: 0x6000039ce310; name='Apple Development: Eunim Tahk (MU7H5L428A)', hash='7A0E5149A4E644B92BD4E6C21C69367B4F8DF2E9', serialNumber='58BE33D2CC1F77240584FC4317F2BDA2', certificateKinds='(
    "1.2.840.113635.100.6.1.12",
    "1.2.840.113635.100.6.1.2"
), issueDate='2022-10-28 08:23:51 +0000''>', entitlements='(null)', teamID='BETFGY29Z7', identifier='org.cocoapods.GoogleUtilities', executablePath='<DVTFilePath:0x6000065d6a70:'/Users/ebiz/Library/Developer/Xcode/Archives/2022-10-31/Etrans 2022-10-31 4.41 PM.xcarchive/Products/Applications/Etrans.app/Frameworks/GoogleUtilities.framework/GoogleUtilities'>', hardenedRuntime='0'>'> are: {
}
2022-10-31 07:41:47 +0000  Writing entitlements for <IDEDistributionItem: 0x60000a96f000; bundleID='org.cocoapods.GoogleUtilities', path='<DVTFilePath:0x60000620e280:'/Users/ebiz/Library/Developer/Xcode/Archives/2022-10-31/Etrans 2022-10-31 4.41 PM.xcarchive/Products/Applications/Etrans.app/Frameworks/GoogleUtilities.framework'>', codeSigningInfo='<_DVTCodeSigningInformation_Path: 0x60000ed41310; isSigned='1', isAdHocSigned='0', signingCertificate='<DVTSigningCertificate: 0x6000039184d0; name='Apple Development: Eunim Tahk (MU7H5L428A)', hash='7A0E5149A4E644B92BD4E6C21C69367B4F8DF2E9', serialNumber='58BE33D2CC1F77240584FC4317F2BDA2', certificateKinds='(
    "1.2.840.113635.100.6.1.12",
    "1.2.840.113635.100.6.1.2"
), issueDate='2022-10-28 08:23:51 +0000''>', entitlements='(null)', teamID='BETFGY29Z7', identifier='org.cocoapods.GoogleUtilities', executablePath='<DVTFilePath:0x6000065d6a70:'/Users/ebiz/Library/Developer/Xcode/Archives/2022-10-31/Etrans 2022-10-31 4.41 PM.xcarchive/Products/Applications/Etrans.app/Frameworks/GoogleUtilities.framework/GoogleUtilities'>', hardenedRuntime='0'>'> to: /var/folders/9w/v89q2sd530748s7nrv4_r2fr0000gn/T/XcodeDistPipeline.~~~gMqZtC/entitlements~~~wBQrPe
2022-10-31 07:41:47 +0000  Running /usr/bin/codesign '-vvv' '--force' '--sign' '5058BEE2F68C01EC545AABA48C156EE35E5A8EF1' '--entitlements' '/var/folders/9w/v89q2sd530748s7nrv4_r2fr0000gn/T/XcodeDistPipeline.~~~gMqZtC/entitlements~~~wBQrPe' '--generate-entitlement-der' '--preserve-metadata=identifier,flags,runtime' '/var/folders/9w/v89q2sd530748s7nrv4_r2fr0000gn/T/XcodeDistPipeline.~~~gMqZtC/Root/Payload/Etrans.app/Frameworks/GoogleUtilities.framework'
2022-10-31 07:41:47 +0000  /var/folders/9w/v89q2sd530748s7nrv4_r2fr0000gn/T/XcodeDistPipeline.~~~gMqZtC/Root/Payload/Etrans.app/Frameworks/GoogleUtilities.framework: replacing existing signature
2022-10-31 07:41:47 +0000  /var/folders/9w/v89q2sd530748s7nrv4_r2fr0000gn/T/XcodeDistPipeline.~~~gMqZtC/Root/Payload/Etrans.app/Frameworks/GoogleUtilities.framework: signed bundle with Mach-O thin (arm64) [org.cocoapods.GoogleUtilities]
2022-10-31 07:41:47 +0000  /usr/bin/codesign exited with 0
2022-10-31 07:41:47 +0000  Entitlements for <IDEDistributionItem: 0x60000a962be0; bundleID='org.cocoapods.Protobuf', path='<DVTFilePath:0x60000a6204d0:'/Users/ebiz/Library/Developer/Xcode/Archives/2022-10-31/Etrans 2022-10-31 4.41 PM.xcarchive/Products/Applications/Etrans.app/Frameworks/Protobuf.framework'>', codeSigningInfo='<_DVTCodeSigningInformation_Path: 0x60000ee75f90; isSigned='1', isAdHocSigned='0', signingCertificate='<DVTSigningCertificate: 0x6000039184d0; name='Apple Development: Eunim Tahk (MU7H5L428A)', hash='7A0E5149A4E644B92BD4E6C21C69367B4F8DF2E9', serialNumber='58BE33D2CC1F77240584FC4317F2BDA2', certificateKinds='(
    "1.2.840.113635.100.6.1.12",
    "1.2.840.113635.100.6.1.2"
), issueDate='2022-10-28 08:23:51 +0000''>', entitlements='(null)', teamID='BETFGY29Z7', identifier='org.cocoapods.Protobuf', executablePath='<DVTFilePath:0x6000065cabc0:'/Users/ebiz/Library/Developer/Xcode/Archives/2022-10-31/Etrans 2022-10-31 4.41 PM.xcarchive/Products/Applications/Etrans.app/Frameworks/Protobuf.framework/Protobuf'>', hardenedRuntime='0'>'>: {
}
2022-10-31 07:41:47 +0000  Entitlements for <IDEDistributionItem: 0x60000a962be0; bundleID='org.cocoapods.Protobuf', path='<DVTFilePath:0x60000a6204d0:'/Users/ebiz/Library/Developer/Xcode/Archives/2022-10-31/Etrans 2022-10-31 4.41 PM.xcarchive/Products/Applications/Etrans.app/Frameworks/Protobuf.framework'>', codeSigningInfo='<_DVTCodeSigningInformation_Path: 0x60000ee75f90; isSigned='1', isAdHocSigned='0', signingCertificate='<DVTSigningCertificate: 0x6000039ce310; name='Apple Development: Eunim Tahk (MU7H5L428A)', hash='7A0E5149A4E644B92BD4E6C21C69367B4F8DF2E9', serialNumber='58BE33D2CC1F77240584FC4317F2BDA2', certificateKinds='(
    "1.2.840.113635.100.6.1.12",
    "1.2.840.113635.100.6.1.2"
), issueDate='2022-10-28 08:23:51 +0000''>', entitlements='(null)', teamID='BETFGY29Z7', identifier='org.cocoapods.Protobuf', executablePath='<DVTFilePath:0x6000065cabc0:'/Users/ebiz/Library/Developer/Xcode/Archives/2022-10-31/Etrans 2022-10-31 4.41 PM.xcarchive/Products/Applications/Etrans.app/Frameworks/Protobuf.framework/Protobuf'>', hardenedRuntime='0'>'> are: {
}
2022-10-31 07:41:47 +0000  Writing entitlements for <IDEDistributionItem: 0x60000a962be0; bundleID='org.cocoapods.Protobuf', path='<DVTFilePath:0x60000a6204d0:'/Users/ebiz/Library/Developer/Xcode/Archives/2022-10-31/Etrans 2022-10-31 4.41 PM.xcarchive/Products/Applications/Etrans.app/Frameworks/Protobuf.framework'>', codeSigningInfo='<_DVTCodeSigningInformation_Path: 0x60000ee75f90; isSigned='1', isAdHocSigned='0', signingCertificate='<DVTSigningCertificate: 0x6000039cf230; name='Apple Development: Eunim Tahk (MU7H5L428A)', hash='7A0E5149A4E644B92BD4E6C21C69367B4F8DF2E9', serialNumber='58BE33D2CC1F77240584FC4317F2BDA2', certificateKinds='(
    "1.2.840.113635.100.6.1.12",
    "1.2.840.113635.100.6.1.2"
), issueDate='2022-10-28 08:23:51 +0000''>', entitlements='(null)', teamID='BETFGY29Z7', identifier='org.cocoapods.Protobuf', executablePath='<DVTFilePath:0x6000065cabc0:'/Users/ebiz/Library/Developer/Xcode/Archives/2022-10-31/Etrans 2022-10-31 4.41 PM.xcarchive/Products/Applications/Etrans.app/Frameworks/Protobuf.framework/Protobuf'>', hardenedRuntime='0'>'> to: /var/folders/9w/v89q2sd530748s7nrv4_r2fr0000gn/T/XcodeDistPipeline.~~~gMqZtC/entitlements~~~7GgeOy
2022-10-31 07:41:47 +0000  Running /usr/bin/codesign '-vvv' '--force' '--sign' '5058BEE2F68C01EC545AABA48C156EE35E5A8EF1' '--entitlements' '/var/folders/9w/v89q2sd530748s7nrv4_r2fr0000gn/T/XcodeDistPipeline.~~~gMqZtC/entitlements~~~7GgeOy' '--generate-entitlement-der' '--preserve-metadata=identifier,flags,runtime' '/var/folders/9w/v89q2sd530748s7nrv4_r2fr0000gn/T/XcodeDistPipeline.~~~gMqZtC/Root/Payload/Etrans.app/Frameworks/Protobuf.framework'
2022-10-31 07:41:47 +0000  /var/folders/9w/v89q2sd530748s7nrv4_r2fr0000gn/T/XcodeDistPipeline.~~~gMqZtC/Root/Payload/Etrans.app/Frameworks/Protobuf.framework: replacing existing signature
2022-10-31 07:41:47 +0000  /var/folders/9w/v89q2sd530748s7nrv4_r2fr0000gn/T/XcodeDistPipeline.~~~gMqZtC/Root/Payload/Etrans.app/Frameworks/Protobuf.framework: signed bundle with Mach-O thin (arm64) [org.cocoapods.Protobuf]
2022-10-31 07:41:47 +0000  /usr/bin/codesign exited with 0
2022-10-31 07:41:47 +0000  Entitlements for <IDEDistributionItem: 0x60000a9474e0; bundleID='org.cocoapods.nanopb', path='<DVTFilePath:0x60000a620230:'/Users/ebiz/Library/Developer/Xcode/Archives/2022-10-31/Etrans 2022-10-31 4.41 PM.xcarchive/Products/Applications/Etrans.app/Frameworks/nanopb.framework'>', codeSigningInfo='<_DVTCodeSigningInformation_Path: 0x60000ed43930; isSigned='1', isAdHocSigned='0', signingCertificate='<DVTSigningCertificate: 0x600003972aa0; name='Apple Development: Eunim Tahk (MU7H5L428A)', hash='7A0E5149A4E644B92BD4E6C21C69367B4F8DF2E9', serialNumber='58BE33D2CC1F77240584FC4317F2BDA2', certificateKinds='(
    "1.2.840.113635.100.6.1.12",
    "1.2.840.113635.100.6.1.2"
), issueDate='2022-10-28 08:23:51 +0000''>', entitlements='(null)', teamID='BETFGY29Z7', identifier='org.cocoapods.nanopb', executablePath='<DVTFilePath:0x60000a941aa0:'/Users/ebiz/Library/Developer/Xcode/Archives/2022-10-31/Etrans 2022-10-31 4.41 PM.xcarchive/Products/Applications/Etrans.app/Frameworks/nanopb.framework/nanopb'>', hardenedRuntime='0'>'>: {
}
2022-10-31 07:41:47 +0000  Entitlements for <IDEDistributionItem: 0x60000a9474e0; bundleID='org.cocoapods.nanopb', path='<DVTFilePath:0x60000a620230:'/Users/ebiz/Library/Developer/Xcode/Archives/2022-10-31/Etrans 2022-10-31 4.41 PM.xcarchive/Products/Applications/Etrans.app/Frameworks/nanopb.framework'>', codeSigningInfo='<_DVTCodeSigningInformation_Path: 0x60000ed43930; isSigned='1', isAdHocSigned='0', signingCertificate='<DVTSigningCertificate: 0x6000039ce310; name='Apple Development: Eunim Tahk (MU7H5L428A)', hash='7A0E5149A4E644B92BD4E6C21C69367B4F8DF2E9', serialNumber='58BE33D2CC1F77240584FC4317F2BDA2', certificateKinds='(
    "1.2.840.113635.100.6.1.12",
    "1.2.840.113635.100.6.1.2"
), issueDate='2022-10-28 08:23:51 +0000''>', entitlements='(null)', teamID='BETFGY29Z7', identifier='org.cocoapods.nanopb', executablePath='<DVTFilePath:0x60000a941aa0:'/Users/ebiz/Library/Developer/Xcode/Archives/2022-10-31/Etrans 2022-10-31 4.41 PM.xcarchive/Products/Applications/Etrans.app/Frameworks/nanopb.framework/nanopb'>', hardenedRuntime='0'>'> are: {
}
2022-10-31 07:41:47 +0000  Writing entitlements for <IDEDistributionItem: 0x60000a9474e0; bundleID='org.cocoapods.nanopb', path='<DVTFilePath:0x60000a620230:'/Users/ebiz/Library/Developer/Xcode/Archives/2022-10-31/Etrans 2022-10-31 4.41 PM.xcarchive/Products/Applications/Etrans.app/Frameworks/nanopb.framework'>', codeSigningInfo='<_DVTCodeSigningInformation_Path: 0x60000ed43930; isSigned='1', isAdHocSigned='0', signingCertificate='<DVTSigningCertificate: 0x6000039cf230; name='Apple Development: Eunim Tahk (MU7H5L428A)', hash='7A0E5149A4E644B92BD4E6C21C69367B4F8DF2E9', serialNumber='58BE33D2CC1F77240584FC4317F2BDA2', certificateKinds='(
    "1.2.840.113635.100.6.1.12",
    "1.2.840.113635.100.6.1.2"
), issueDate='2022-10-28 08:23:51 +0000''>', entitlements='(null)', teamID='BETFGY29Z7', identifier='org.cocoapods.nanopb', executablePath='<DVTFilePath:0x60000a941aa0:'/Users/ebiz/Library/Developer/Xcode/Archives/2022-10-31/Etrans 2022-10-31 4.41 PM.xcarchive/Products/Applications/Etrans.app/Frameworks/nanopb.framework/nanopb'>', hardenedRuntime='0'>'> to: /var/folders/9w/v89q2sd530748s7nrv4_r2fr0000gn/T/XcodeDistPipeline.~~~gMqZtC/entitlements~~~bLnhZl
2022-10-31 07:41:47 +0000  Running /usr/bin/codesign '-vvv' '--force' '--sign' '5058BEE2F68C01EC545AABA48C156EE35E5A8EF1' '--entitlements' '/var/folders/9w/v89q2sd530748s7nrv4_r2fr0000gn/T/XcodeDistPipeline.~~~gMqZtC/entitlements~~~bLnhZl' '--generate-entitlement-der' '--preserve-metadata=identifier,flags,runtime' '/var/folders/9w/v89q2sd530748s7nrv4_r2fr0000gn/T/XcodeDistPipeline.~~~gMqZtC/Root/Payload/Etrans.app/Frameworks/nanopb.framework'
2022-10-31 07:41:47 +0000  /var/folders/9w/v89q2sd530748s7nrv4_r2fr0000gn/T/XcodeDistPipeline.~~~gMqZtC/Root/Payload/Etrans.app/Frameworks/nanopb.framework: replacing existing signature
2022-10-31 07:41:47 +0000  /var/folders/9w/v89q2sd530748s7nrv4_r2fr0000gn/T/XcodeDistPipeline.~~~gMqZtC/Root/Payload/Etrans.app/Frameworks/nanopb.framework: signed bundle with Mach-O thin (arm64) [org.cocoapods.nanopb]
2022-10-31 07:41:47 +0000  /usr/bin/codesign exited with 0
2022-10-31 07:41:47 +0000  Entitlements for <IDEDistributionItem: 0x60000a961020; bundleID='kr.co.klnet.etrans.Etrans', path='<DVTFilePath:0x60000a649960:'/Users/ebiz/Library/Developer/Xcode/Archives/2022-10-31/Etrans 2022-10-31 4.41 PM.xcarchive/Products/Applications/Etrans.app'>', codeSigningInfo='<_DVTCodeSigningInformation_Path: 0x60000ee77980; isSigned='1', isAdHocSigned='0', signingCertificate='<DVTSigningCertificate: 0x600003918580; name='Apple Development: Eunim Tahk (MU7H5L428A)', hash='7A0E5149A4E644B92BD4E6C21C69367B4F8DF2E9', serialNumber='58BE33D2CC1F77240584FC4317F2BDA2', certificateKinds='(
    "1.2.840.113635.100.6.1.12",
    "1.2.840.113635.100.6.1.2"
), issueDate='2022-10-28 08:23:51 +0000''>', entitlements='{
    "application-identifier" = "BETFGY29Z7.kr.co.klnet.etrans.Etrans";
    "aps-environment" = development;
    "com.apple.developer.team-identifier" = BETFGY29Z7;
    "get-task-allow" = 1;
}', teamID='BETFGY29Z7', identifier='kr.co.klnet.etrans.Etrans', executablePath='<DVTFilePath:0x60000670a2e0:'/Users/ebiz/Library/Developer/Xcode/Archives/2022-10-31/Etrans 2022-10-31 4.41 PM.xcarchive/Products/Applications/Etrans.app/Etrans'>', hardenedRuntime='0'>'>: {
    "application-identifier" = "BETFGY29Z7.kr.co.klnet.etrans.Etrans";
    "aps-environment" = production;
    "com.apple.developer.team-identifier" = BETFGY29Z7;
    "get-task-allow" = 0;
}
2022-10-31 07:41:47 +0000  Entitlements for <IDEDistributionItem: 0x60000a961020; bundleID='kr.co.klnet.etrans.Etrans', path='<DVTFilePath:0x60000a649960:'/Users/ebiz/Library/Developer/Xcode/Archives/2022-10-31/Etrans 2022-10-31 4.41 PM.xcarchive/Products/Applications/Etrans.app'>', codeSigningInfo='<_DVTCodeSigningInformation_Path: 0x60000ee77980; isSigned='1', isAdHocSigned='0', signingCertificate='<DVTSigningCertificate: 0x6000039ce260; name='Apple Development: Eunim Tahk (MU7H5L428A)', hash='7A0E5149A4E644B92BD4E6C21C69367B4F8DF2E9', serialNumber='58BE33D2CC1F77240584FC4317F2BDA2', certificateKinds='(
    "1.2.840.113635.100.6.1.12",
    "1.2.840.113635.100.6.1.2"
), issueDate='2022-10-28 08:23:51 +0000''>', entitlements='{
    "application-identifier" = "BETFGY29Z7.kr.co.klnet.etrans.Etrans";
    "aps-environment" = development;
    "com.apple.developer.team-identifier" = BETFGY29Z7;
    "get-task-allow" = 1;
}', teamID='BETFGY29Z7', identifier='kr.co.klnet.etrans.Etrans', executablePath='<DVTFilePath:0x60000670a2e0:'/Users/ebiz/Library/Developer/Xcode/Archives/2022-10-31/Etrans 2022-10-31 4.41 PM.xcarchive/Products/Applications/Etrans.app/Etrans'>', hardenedRuntime='0'>'> are: {
    "application-identifier" = "BETFGY29Z7.kr.co.klnet.etrans.Etrans";
    "aps-environment" = production;
    "com.apple.developer.team-identifier" = BETFGY29Z7;
    "get-task-allow" = 0;
}
2022-10-31 07:41:47 +0000  Writing entitlements for <IDEDistributionItem: 0x60000a961020; bundleID='kr.co.klnet.etrans.Etrans', path='<DVTFilePath:0x60000a649960:'/Users/ebiz/Library/Developer/Xcode/Archives/2022-10-31/Etrans 2022-10-31 4.41 PM.xcarchive/Products/Applications/Etrans.app'>', codeSigningInfo='<_DVTCodeSigningInformation_Path: 0x60000ee77980; isSigned='1', isAdHocSigned='0', signingCertificate='<DVTSigningCertificate: 0x6000039cd130; name='Apple Development: Eunim Tahk (MU7H5L428A)', hash='7A0E5149A4E644B92BD4E6C21C69367B4F8DF2E9', serialNumber='58BE33D2CC1F77240584FC4317F2BDA2', certificateKinds='(
    "1.2.840.113635.100.6.1.12",
    "1.2.840.113635.100.6.1.2"
), issueDate='2022-10-28 08:23:51 +0000''>', entitlements='{
    "application-identifier" = "BETFGY29Z7.kr.co.klnet.etrans.Etrans";
    "aps-environment" = development;
    "com.apple.developer.team-identifier" = BETFGY29Z7;
    "get-task-allow" = 1;
}', teamID='BETFGY29Z7', identifier='kr.co.klnet.etrans.Etrans', executablePath='<DVTFilePath:0x60000670a2e0:'/Users/ebiz/Library/Developer/Xcode/Archives/2022-10-31/Etrans 2022-10-31 4.41 PM.xcarchive/Products/Applications/Etrans.app/Etrans'>', hardenedRuntime='0'>'> to: /var/folders/9w/v89q2sd530748s7nrv4_r2fr0000gn/T/XcodeDistPipeline.~~~gMqZtC/entitlements~~~eBmKs2
2022-10-31 07:41:47 +0000  Running /usr/bin/codesign '-vvv' '--force' '--sign' '5058BEE2F68C01EC545AABA48C156EE35E5A8EF1' '--entitlements' '/var/folders/9w/v89q2sd530748s7nrv4_r2fr0000gn/T/XcodeDistPipeline.~~~gMqZtC/entitlements~~~eBmKs2' '--generate-entitlement-der' '--preserve-metadata=identifier,flags,runtime' '/var/folders/9w/v89q2sd530748s7nrv4_r2fr0000gn/T/XcodeDistPipeline.~~~gMqZtC/Root/Payload/Etrans.app'
2022-10-31 07:41:47 +0000  /var/folders/9w/v89q2sd530748s7nrv4_r2fr0000gn/T/XcodeDistPipeline.~~~gMqZtC/Root/Payload/Etrans.app: replacing existing signature
2022-10-31 07:41:47 +0000  /var/folders/9w/v89q2sd530748s7nrv4_r2fr0000gn/T/XcodeDistPipeline.~~~gMqZtC/Root/Payload/Etrans.app: signed app bundle with Mach-O thin (arm64) [kr.co.klnet.etrans.Etrans]
2022-10-31 07:41:47 +0000  /usr/bin/codesign exited with 0
2022-10-31 07:41:47 +0000  Processing step: IDEDistributionZipODRItemStep
2022-10-31 07:41:47 +0000  Skipping step: IDEDistributionZipODRItemStep because it said so
2022-10-31 07:41:47 +0000  Skipping step: IDEDistributionZipODRItemStep because it said so
2022-10-31 07:41:47 +0000  Skipping step: IDEDistributionZipODRItemStep because it said so
2022-10-31 07:41:47 +0000  Skipping step: IDEDistributionZipODRItemStep because it said so
2022-10-31 07:41:47 +0000  Skipping step: IDEDistributionZipODRItemStep because it said so
2022-10-31 07:41:47 +0000  Processing step: IDEDistributionCreateIPAStep
2022-10-31 07:41:47 +0000  Running /usr/bin/ditto '-V' '-c' '-k' '--norsrc' '/var/folders/9w/v89q2sd530748s7nrv4_r2fr0000gn/T/XcodeDistPipeline.~~~gMqZtC/Root' '/var/folders/9w/v89q2sd530748s7nrv4_r2fr0000gn/T/XcodeDistPipeline.~~~gMqZtC/Packages/Etrans.ipa'
2022-10-31 07:41:47 +0000  >>> Copying /var/folders/9w/v89q2sd530748s7nrv4_r2fr0000gn/T/XcodeDistPipeline.~~~gMqZtC/Root 
2022-10-31 07:41:47 +0000  copying file ./Payload/Etrans.app/_CodeSignature/CodeResources ... 
2022-10-31 07:41:47 +0000  17031 bytes for ./Payload/Etrans.app/_CodeSignature/CodeResources
2022-10-31 07:41:47 +0000  copying file ./Payload/Etrans.app/podcode.plist ... 
55 bytes for ./Payload/Etrans.app/podcode.plist
2022-10-31 07:41:47 +0000  copying file ./Payload/Etrans.app/jpp.plist ... 
53 bytes for ./Payload/Etrans.app/jpp.plist
copying file ./Payload/Etrans.app/AppIcon20x20@2x.png ... 
2022-10-31 07:41:47 +0000  4404 bytes for ./Payload/Etrans.app/AppIcon20x20@2x.png
2022-10-31 07:41:47 +0000  copying file ./Payload/Etrans.app/MainViewController.nib/objects-11.0+.nib ... 
2022-10-31 07:41:47 +0000  3120 bytes for ./Payload/Etrans.app/MainViewController.nib/objects-11.0+.nib
2022-10-31 07:41:47 +0000  copying file ./Payload/Etrans.app/MainViewController.nib/runtime.nib ... 
2022-10-31 07:41:47 +0000  2455 bytes for ./Payload/Etrans.app/MainViewController.nib/runtime.nib
2022-10-31 07:41:47 +0000  copying file ./Payload/Etrans.app/AppIcon20x20@3x.png ... 
2022-10-31 07:41:47 +0000  9110 bytes for ./Payload/Etrans.app/AppIcon20x20@3x.png
2022-10-31 07:41:47 +0000  copying file ./Payload/Etrans.app/AppIcon60x60@2x.png ... 
2022-10-31 07:41:47 +0000  30486 bytes for ./Payload/Etrans.app/AppIcon60x60@2x.png
copying file ./Payload/Etrans.app/AppIcon29x29@2x.png ... 
2022-10-31 07:41:47 +0000  8578 bytes for ./Payload/Etrans.app/AppIcon29x29@2x.png
2022-10-31 07:41:47 +0000  copying file ./Payload/Etrans.app/carriercode.plist ... 
59 bytes for ./Payload/Etrans.app/carriercode.plist
copying file ./Payload/Etrans.app/AppIcon40x40@3x.png ... 
2022-10-31 07:41:47 +0000  30486 bytes for ./Payload/Etrans.app/AppIcon40x40@3x.png
copying file ./Payload/Etrans.app/intro.png ... 
2022-10-31 07:41:47 +0000  202626 bytes for ./Payload/Etrans.app/intro.png
copying file ./Payload/Etrans.app/AppIcon40x40@2x.png ... 
2022-10-31 07:41:47 +0000  15119 bytes for ./Payload/Etrans.app/AppIcon40x40@2x.png
2022-10-31 07:41:47 +0000  copying file ./Payload/Etrans.app/AppIcon29x29@3x.png ... 
2022-10-31 07:41:47 +0000  17359 bytes for ./Payload/Etrans.app/AppIcon29x29@3x.png
2022-10-31 07:41:47 +0000  copying file ./Payload/Etrans.app/GoogleService-Info.plist ... 
2022-10-31 07:41:47 +0000  875 bytes for ./Payload/Etrans.app/GoogleService-Info.plist
copying file ./Payload/Etrans.app/AppIcon60x60@3x.png ... 
2022-10-31 07:41:47 +0000  59660 bytes for ./Payload/Etrans.app/AppIcon60x60@3x.png
2022-10-31 07:41:47 +0000  copying file ./Payload/Etrans.app/Base.lproj/Main.storyboardc/UIViewController-BYZ-38-t0r.nib ... 
2022-10-31 07:41:47 +0000  916 bytes for ./Payload/Etrans.app/Base.lproj/Main.storyboardc/UIViewController-BYZ-38-t0r.nib
2022-10-31 07:41:47 +0000  copying file ./Payload/Etrans.app/Base.lproj/Main.storyboardc/BYZ-38-t0r-view-8bC-Xf-vdC.nib ... 
2022-10-31 07:41:47 +0000  1835 bytes for ./Payload/Etrans.app/Base.lproj/Main.storyboardc/BYZ-38-t0r-view-8bC-Xf-vdC.nib
2022-10-31 07:41:47 +0000  copying file ./Payload/Etrans.app/Base.lproj/Main.storyboardc/Info.plist ... 
258 bytes for ./Payload/Etrans.app/Base.lproj/Main.storyboardc/Info.plist
copying file ./Payload/Etrans.app/Base.lproj/LaunchScreen.storyboardc/01J-lp-oVM-view-Ze5-6b-2t3.nib ... 
2022-10-31 07:41:47 +0000  2401 bytes for ./Payload/Etrans.app/Base.lproj/LaunchScreen.storyboardc/01J-lp-oVM-view-Ze5-6b-2t3.nib
2022-10-31 07:41:47 +0000  copying file ./Payload/Etrans.app/Base.lproj/LaunchScreen.storyboardc/UIViewController-01J-lp-oVM.nib ... 
2022-10-31 07:41:47 +0000  896 bytes for ./Payload/Etrans.app/Base.lproj/LaunchScreen.storyboardc/UIViewController-01J-lp-oVM.nib
copying file ./Payload/Etrans.app/Base.lproj/LaunchScreen.storyboardc/Info.plist ... 
2022-10-31 07:41:47 +0000  258 bytes for ./Payload/Etrans.app/Base.lproj/LaunchScreen.storyboardc/Info.plist
copying file ./Payload/Etrans.app/Assets.car ... 
2022-10-31 07:41:47 +0000  1255080 bytes for ./Payload/Etrans.app/Assets.car
copying file ./Payload/Etrans.app/AppIcon40x40@2x~ipad.png ... 
2022-10-31 07:41:47 +0000  15119 bytes for ./Payload/Etrans.app/AppIcon40x40@2x~ipad.png
copying file ./Payload/Etrans.app/AppIcon76x76@2x~ipad.png ... 
2022-10-31 07:41:47 +0000  45697 bytes for ./Payload/Etrans.app/AppIcon76x76@2x~ipad.png
copying file ./Payload/Etrans.app/Etrans ... 
2022-10-31 07:41:47 +0000  1761216 bytes for ./Payload/Etrans.app/Etrans
copying file ./Payload/Etrans.app/AppIcon83.5x83.5@2x~ipad.png ... 
2022-10-31 07:41:47 +0000  52895 bytes for ./Payload/Etrans.app/AppIcon83.5x83.5@2x~ipad.png
2022-10-31 07:41:47 +0000  copying file ./Payload/Etrans.app/Etrans.momd/VersionInfo.plist ... 
149 bytes for ./Payload/Etrans.app/Etrans.momd/VersionInfo.plist
copying file ./Payload/Etrans.app/Etrans.momd/Etrans.mom ... 
2022-10-31 07:41:47 +0000  566 bytes for ./Payload/Etrans.app/Etrans.momd/Etrans.mom
copying file ./Payload/Etrans.app/Etrans.momd/Etrans.omo ... 
704 bytes for ./Payload/Etrans.app/Etrans.momd/Etrans.omo
copying file ./Payload/Etrans.app/AppIcon29x29@2x~ipad.png ... 
2022-10-31 07:41:47 +0000  8578 bytes for ./Payload/Etrans.app/AppIcon29x29@2x~ipad.png
copying file ./Payload/Etrans.app/AppIcon40x40~ipad.png ... 
2022-10-31 07:41:47 +0000  4404 bytes for ./Payload/Etrans.app/AppIcon40x40~ipad.png
2022-10-31 07:41:47 +0000  copying file ./Payload/Etrans.app/Frameworks/Protobuf.framework/_CodeSignature/CodeResources ... 
2022-10-31 07:41:47 +0000  1798 bytes for ./Payload/Etrans.app/Frameworks/Protobuf.framework/_CodeSignature/CodeResources
copying file ./Payload/Etrans.app/Frameworks/Protobuf.framework/Protobuf ... 
2022-10-31 07:41:47 +0000  982208 bytes for ./Payload/Etrans.app/Frameworks/Protobuf.framework/Protobuf
copying file ./Payload/Etrans.app/Frameworks/Protobuf.framework/Info.plist ... 
2022-10-31 07:41:47 +0000  787 bytes for ./Payload/Etrans.app/Frameworks/Protobuf.framework/Info.plist
2022-10-31 07:41:47 +0000  copying file ./Payload/Etrans.app/Frameworks/FBLPromises.framework/_CodeSignature/CodeResources ... 
1798 bytes for ./Payload/Etrans.app/Frameworks/FBLPromises.framework/_CodeSignature/CodeResources
copying file ./Payload/Etrans.app/Frameworks/FBLPromises.framework/FBLPromises ... 
2022-10-31 07:41:47 +0000  192240 bytes for ./Payload/Etrans.app/Frameworks/FBLPromises.framework/FBLPromises
copying file ./Payload/Etrans.app/Frameworks/FBLPromises.framework/Info.plist ... 
2022-10-31 07:41:47 +0000  793 bytes for ./Payload/Etrans.app/Frameworks/FBLPromises.framework/Info.plist
2022-10-31 07:41:47 +0000  copying file ./Payload/Etrans.app/Frameworks/GoogleUtilities.framework/_CodeSignature/CodeResources ... 
2022-10-31 07:41:47 +0000  1798 bytes for ./Payload/Etrans.app/Frameworks/GoogleUtilities.framework/_CodeSignature/CodeResources
2022-10-31 07:41:47 +0000  copying file ./Payload/Etrans.app/Frameworks/GoogleUtilities.framework/GoogleUtilities ... 
2022-10-31 07:41:47 +0000  336480 bytes for ./Payload/Etrans.app/Frameworks/GoogleUtilities.framework/GoogleUtilities
copying file ./Payload/Etrans.app/Frameworks/GoogleUtilities.framework/Info.plist ... 
2022-10-31 07:41:47 +0000  802 bytes for ./Payload/Etrans.app/Frameworks/GoogleUtilities.framework/Info.plist
2022-10-31 07:41:47 +0000  copying file ./Payload/Etrans.app/Frameworks/nanopb.framework/_CodeSignature/CodeResources ... 
2022-10-31 07:41:47 +0000  1798 bytes for ./Payload/Etrans.app/Frameworks/nanopb.framework/_CodeSignature/CodeResources
copying file ./Payload/Etrans.app/Frameworks/nanopb.framework/nanopb ... 
2022-10-31 07:41:47 +0000  113200 bytes for ./Payload/Etrans.app/Frameworks/nanopb.framework/nanopb
copying file ./Payload/Etrans.app/Frameworks/nanopb.framework/Info.plist ... 
2022-10-31 07:41:47 +0000  786 bytes for ./Payload/Etrans.app/Frameworks/nanopb.framework/Info.plist
2022-10-31 07:41:47 +0000  copying file ./Payload/Etrans.app/embedded.mobileprovision ... 
2022-10-31 07:41:47 +0000  18022 bytes for ./Payload/Etrans.app/embedded.mobileprovision
2022-10-31 07:41:47 +0000  copying file ./Payload/Etrans.app/autologin.plist ... 
2022-10-31 07:41:47 +0000  81 bytes for ./Payload/Etrans.app/autologin.plist
copying file ./Payload/Etrans.app/terminalcode.plist ... 
60 bytes for ./Payload/Etrans.app/terminalcode.plist
2022-10-31 07:41:47 +0000  copying file ./Payload/Etrans.app/AppIcon20x20@2x~ipad.png ... 
2022-10-31 07:41:47 +0000  4404 bytes for ./Payload/Etrans.app/AppIcon20x20@2x~ipad.png
2022-10-31 07:41:47 +0000  copying file ./Payload/Etrans.app/Info.plist ... 
2022-10-31 07:41:47 +0000  1581 bytes for ./Payload/Etrans.app/Info.plist
2022-10-31 07:41:47 +0000  copying file ./Payload/Etrans.app/PkgInfo ... 
8 bytes for ./Payload/Etrans.app/PkgInfo
2022-10-31 07:41:47 +0000  copying file ./Payload/Etrans.app/AppIcon76x76~ipad.png ... 
2022-10-31 07:41:47 +0000  13078 bytes for ./Payload/Etrans.app/AppIcon76x76~ipad.png
2022-10-31 07:41:47 +0000  /usr/bin/ditto exited with 0
2022-10-31 07:41:47 +0000  Processing step: IDEDistributionAppStoreInformationStep
2022-10-31 07:41:47 +0000  Skipping step: IDEDistributionAppStoreInformationStep because it said so
2022-10-31 07:41:47 +0000  Processing step: IDEDistributionGenerateProcessedDistributionItems
2022-10-31 07:41:47 +0000  IDEDistributionItem init <DVTFilePath:0x60000a63f330:'/var/folders/9w/v89q2sd530748s7nrv4_r2fr0000gn/T/XcodeDistPipeline.~~~gMqZtC/Root/Payload/Etrans.app/Frameworks/nanopb.framework'>
2022-10-31 07:41:47 +0000  IDEDistributionItem init <DVTFilePath:0x60000a63fd40:'/var/folders/9w/v89q2sd530748s7nrv4_r2fr0000gn/T/XcodeDistPipeline.~~~gMqZtC/Root/Payload/Etrans.app/Frameworks/Protobuf.framework'>
2022-10-31 07:41:47 +0000  IDEDistributionItem init <DVTFilePath:0x600006100680:'/var/folders/9w/v89q2sd530748s7nrv4_r2fr0000gn/T/XcodeDistPipeline.~~~gMqZtC/Root/Payload/Etrans.app/Frameworks/GoogleUtilities.framework'>
2022-10-31 07:41:47 +0000  IDEDistributionItem init <DVTFilePath:0x60000a63c690:'/var/folders/9w/v89q2sd530748s7nrv4_r2fr0000gn/T/XcodeDistPipeline.~~~gMqZtC/Root/Payload/Etrans.app/Frameworks/FBLPromises.framework'>
2022-10-31 07:41:47 +0000  IDEDistributionItem init <DVTFilePath:0x600006692530:'/var/folders/9w/v89q2sd530748s7nrv4_r2fr0000gn/T/XcodeDistPipeline.~~~gMqZtC/Root/Payload/Etrans.app'>
2022-10-31 07:41:47 +0000  Processing step: IDEDistributionCreateManifestStep
